[2025-08-20 17:39:03] - logger:_log - INFO - Logger initialized. Logs will be saved to c:\Users\ss255385\OneDrive - Teradata Corporation\Desktop\AMuRD-Iteration-7\src\logs\borai_20250820_173903.log
[2025-08-20 17:39:04] - logger:_log - INFO - TeradataDatabase instance initialized
[2025-08-20 17:39:04] - logger:_log - INFO - Operation 'Database connection' started - Details: {'host': 'iteration7-gwyyqrtdecxxq4xk.env.clearscape.teradata.com', 'database': 'demo_user'}
[2025-08-20 17:39:08] - logger:_log - INFO - Operation 'Database connection' completed
[2025-08-20 17:39:12] - SentenceTransformer:__init__ - INFO - Load pretrained SentenceTransformer: intfloat/multilingual-e5-large-instruct
[2025-08-20 17:39:12] - connectionpool:_new_conn - DEBUG - Starting new HTTPS connection (1): huggingface.co:443
[2025-08-20 17:39:13] - connectionpool:_make_request - DEBUG - https://huggingface.co:443 "HEAD /intfloat/multilingual-e5-large-instruct/resolve/main/modules.json HTTP/1.1" 307 0
[2025-08-20 17:39:13] - connectionpool:_make_request - DEBUG - https://huggingface.co:443 "HEAD /api/resolve-cache/models/intfloat/multilingual-e5-large-instruct/274baa43b0e13e37fafa6428dbc7938e62e5c439/modules.json HTTP/1.1" 200 0
[2025-08-20 17:39:14] - connectionpool:_make_request - DEBUG - https://huggingface.co:443 "HEAD /intfloat/multilingual-e5-large-instruct/resolve/main/config_sentence_transformers.json HTTP/1.1" 307 0
[2025-08-20 17:39:14] - connectionpool:_make_request - DEBUG - https://huggingface.co:443 "HEAD /api/resolve-cache/models/intfloat/multilingual-e5-large-instruct/274baa43b0e13e37fafa6428dbc7938e62e5c439/config_sentence_transformers.json HTTP/1.1" 200 0
[2025-08-20 17:39:14] - connectionpool:_make_request - DEBUG - https://huggingface.co:443 "HEAD /intfloat/multilingual-e5-large-instruct/resolve/main/config_sentence_transformers.json HTTP/1.1" 307 0
[2025-08-20 17:39:14] - connectionpool:_make_request - DEBUG - https://huggingface.co:443 "HEAD /api/resolve-cache/models/intfloat/multilingual-e5-large-instruct/274baa43b0e13e37fafa6428dbc7938e62e5c439/config_sentence_transformers.json HTTP/1.1" 200 0
[2025-08-20 17:39:14] - connectionpool:_make_request - DEBUG - https://huggingface.co:443 "HEAD /intfloat/multilingual-e5-large-instruct/resolve/main/README.md HTTP/1.1" 307 0
[2025-08-20 17:39:15] - connectionpool:_make_request - DEBUG - https://huggingface.co:443 "HEAD /api/resolve-cache/models/intfloat/multilingual-e5-large-instruct/274baa43b0e13e37fafa6428dbc7938e62e5c439/README.md HTTP/1.1" 200 0
[2025-08-20 17:39:15] - connectionpool:_make_request - DEBUG - https://huggingface.co:443 "HEAD /intfloat/multilingual-e5-large-instruct/resolve/main/modules.json HTTP/1.1" 307 0
[2025-08-20 17:39:15] - connectionpool:_make_request - DEBUG - https://huggingface.co:443 "HEAD /api/resolve-cache/models/intfloat/multilingual-e5-large-instruct/274baa43b0e13e37fafa6428dbc7938e62e5c439/modules.json HTTP/1.1" 200 0
[2025-08-20 17:39:15] - connectionpool:_make_request - DEBUG - https://huggingface.co:443 "HEAD /intfloat/multilingual-e5-large-instruct/resolve/main/sentence_bert_config.json HTTP/1.1" 404 0
[2025-08-20 17:39:16] - connectionpool:_make_request - DEBUG - https://huggingface.co:443 "HEAD /intfloat/multilingual-e5-large-instruct/resolve/main/sentence_roberta_config.json HTTP/1.1" 404 0
[2025-08-20 17:39:16] - connectionpool:_make_request - DEBUG - https://huggingface.co:443 "HEAD /intfloat/multilingual-e5-large-instruct/resolve/main/sentence_distilbert_config.json HTTP/1.1" 404 0
[2025-08-20 17:39:16] - connectionpool:_make_request - DEBUG - https://huggingface.co:443 "HEAD /intfloat/multilingual-e5-large-instruct/resolve/main/sentence_camembert_config.json HTTP/1.1" 404 0
[2025-08-20 17:39:16] - connectionpool:_make_request - DEBUG - https://huggingface.co:443 "HEAD /intfloat/multilingual-e5-large-instruct/resolve/main/sentence_albert_config.json HTTP/1.1" 404 0
[2025-08-20 17:39:17] - connectionpool:_make_request - DEBUG - https://huggingface.co:443 "HEAD /intfloat/multilingual-e5-large-instruct/resolve/main/sentence_xlm-roberta_config.json HTTP/1.1" 307 0
[2025-08-20 17:39:17] - connectionpool:_make_request - DEBUG - https://huggingface.co:443 "HEAD /api/resolve-cache/models/intfloat/multilingual-e5-large-instruct/274baa43b0e13e37fafa6428dbc7938e62e5c439/sentence_xlm-roberta_config.json HTTP/1.1" 200 0
[2025-08-20 17:39:17] - connectionpool:_make_request - DEBUG - https://huggingface.co:443 "HEAD /intfloat/multilingual-e5-large-instruct/resolve/main/adapter_config.json HTTP/1.1" 404 0
[2025-08-20 17:39:17] - connectionpool:_make_request - DEBUG - https://huggingface.co:443 "HEAD /intfloat/multilingual-e5-large-instruct/resolve/main/config.json HTTP/1.1" 307 0
[2025-08-20 17:39:17] - connectionpool:_make_request - DEBUG - https://huggingface.co:443 "HEAD /api/resolve-cache/models/intfloat/multilingual-e5-large-instruct/274baa43b0e13e37fafa6428dbc7938e62e5c439/config.json HTTP/1.1" 200 0
[2025-08-20 17:39:20] - connectionpool:_make_request - DEBUG - https://huggingface.co:443 "HEAD /intfloat/multilingual-e5-large-instruct/resolve/main/tokenizer_config.json HTTP/1.1" 307 0
[2025-08-20 17:39:20] - connectionpool:_make_request - DEBUG - https://huggingface.co:443 "HEAD /api/resolve-cache/models/intfloat/multilingual-e5-large-instruct/274baa43b0e13e37fafa6428dbc7938e62e5c439/tokenizer_config.json HTTP/1.1" 200 0
[2025-08-20 17:39:20] - connectionpool:_make_request - DEBUG - https://huggingface.co:443 "GET /api/models/intfloat/multilingual-e5-large-instruct/tree/main/additional_chat_templates?recursive=False&expand=False HTTP/1.1" 404 64
[2025-08-20 17:39:21] - connectionpool:_make_request - DEBUG - https://huggingface.co:443 "HEAD /intfloat/multilingual-e5-large-instruct/resolve/main/1_Pooling/config.json HTTP/1.1" 307 0
[2025-08-20 17:39:21] - connectionpool:_make_request - DEBUG - https://huggingface.co:443 "HEAD /api/resolve-cache/models/intfloat/multilingual-e5-large-instruct/274baa43b0e13e37fafa6428dbc7938e62e5c439/1_Pooling%2Fconfig.json HTTP/1.1" 200 0
[2025-08-20 17:39:21] - connectionpool:_make_request - DEBUG - https://huggingface.co:443 "GET /api/models/intfloat/multilingual-e5-large-instruct HTTP/1.1" 200 287618
[2025-08-20 17:39:25] - warnings:_showwarnmsg - WARNING - c:\Users\ss255385\AppData\Local\Programs\Python\Python313\Lib\site-packages\torch\nn\modules\module.py:1762: FutureWarning: `encoder_attention_mask` is deprecated and will be removed in version 4.55.0 for `XLMRobertaSdpaSelfAttention.forward`.
  return forward_call(*args, **kwargs)

[2025-08-20 18:24:02] - logger:_log - INFO - Operation 'Query execution' started - Details: {'query': '\n    CREATE TABLE demo_user.similiratiy_score (\n        item_id BIGINT,\n        closest_category_id ...'}
[2025-08-20 18:24:03] - logger:_log - INFO - Operation 'Query execution' completed - Details: {'rows_returned': 0}
[2025-08-20 18:24:03] - logger:_log - INFO - Operation 'Query execution' started - Details: {'query': '\nINSERT INTO demo_user.similiratiy_score\nWITH RankedDistances AS (\n    SELECT\n        o.Target_ID AS...'}
[2025-08-20 18:24:43] - logger:_log - INFO - Operation 'Query execution' completed - Details: {'rows_returned': 0}
[2025-08-20 18:24:43] - logger:_log - INFO - Operation 'Query execution' started - Details: {'query': 'SELECT * FROM demo_user.similiratiy_score'}
[2025-08-20 18:24:52] - logger:_log - INFO - Operation 'Query execution' completed - Details: {'rows_returned': 37584}
[2025-08-20 18:25:15] - logger:_log - INFO - Operation 'Query execution' started - Details: {'query': '\nSELECT\n    p.translated_name AS product_name,\n    c.class_name AS predicted_class,\n    a.class_name...'}
[2025-08-20 18:25:25] - logger:_log - INFO - Operation 'Query execution' completed - Details: {'rows_returned': 37584}
[2025-08-20 18:25:56] - logger:_log - INFO - Operation 'Query execution' started - Details: {'query': '\nSELECT * FROM TD_ClassificationEvaluator (\n   ON demo_user.results AS InputTable\n   OUT PERMANENT T...'}
[2025-08-20 18:25:56] - logger:_log - INFO - Operation 'Query execution' completed - Details: {'rows_returned': 0}
[2025-08-20 18:25:56] - logger:_log - INFO - Operation 'Query execution' started - Details: {'query': 'select * from demo_user.classification_metrics'}
[2025-08-20 18:25:57] - logger:_log - INFO - Operation 'Query execution' completed - Details: {'rows_returned': 10}
