[2025-08-12 14:41:35] - logger:_log - INFO - Logger initialized. Logs will be saved to c:\Users\ss255385\OneDrive - Teradata Corporation\Desktop\AMuRD-Iteration-7\src\logs\borai_20250812_144135.log
[2025-08-12 14:41:35] - logger:_log - INFO - TeradataDatabase instance initialized
[2025-08-12 14:41:35] - logger:_log - INFO - Operation 'Database connection' started - Details: {'host': 'iteration6-72i0y48cfm1eb812.env.clearscape.teradata.com', 'database': 'amurd'}
[2025-08-12 14:41:50] - logger:_log - INFO - Operation 'Database connection' completed
[2025-08-12 14:42:06] - logger:_log - INFO - Operation 'Query execution' started - Details: {'query': 'SELECT * FROM amurd.products'}
[2025-08-12 14:42:08] - logger:_log - INFO - Operation 'Query execution' completed - Details: {'rows_returned': 4573}
[2025-08-12 15:32:34] - logger:_log - INFO - TeradataDatabase instance initialized
[2025-08-12 15:32:34] - logger:_log - INFO - Operation 'Database connection' started - Details: {'host': 'iteration6-72i0y48cfm1eb812.env.clearscape.teradata.com', 'database': 'amurd'}
[2025-08-12 15:32:34] - warnings:_showwarnmsg - WARNING - c:\Users\ss255385\AppData\Local\Programs\Python\Python313\Lib\site-packages\teradatasqlalchemy\telemetry\queryband.py:382: UserWarning: [Teradata][teradataml](TDML_2002) Overwriting an existing context associated with Teradata Vantage Connection. Most of the operations on any teradataml DataFrames created before this will not work.
  return exposed_func(*args, **kwargs)

[2025-08-12 15:32:41] - logger:_log - INFO - Operation 'Database connection' completed
[2025-08-12 15:32:43] - logger:_log - INFO - Operation 'Query execution' started - Details: {'query': 'SELECT * FROM amurd.product_embeddings'}
[2025-08-12 15:32:43] - logger:_log - ERROR - query execution : Exception: [Version 20.0.0.34] [Session 1398] [Teradata Database] [Error 3807] Object 'amurd.product_embeddings' does not exist.
 at gosqldriver/teradatasql.formatError ErrorUtil.go:83
 at gosqldriver/teradatasql.(*teradataConnection).formatDatabaseError ErrorUtil.go:190
 at gosqldriver/teradatasql.(*teradataConnection).makeChainedDatabaseError ErrorUtil.go:206
 at gosqldriver/teradatasql.(*teradataConnection).processErrorParcel TeradataConnection.go:340
 at gosqldriver/teradatasql.(*TeradataRows).processResponseBundle TeradataRows.go:2597
 at gosqldriver/teradatasql.(*TeradataRows).executeSQLRequest TeradataRows.go:1073
 at gosqldriver/teradatasql.newTeradataRows TeradataRows.go:792
 at gosqldriver/teradatasql.(*teradataStatement).QueryContext TeradataStatement.go:122
 at gosqldriver/teradatasql.(*teradataConnection).QueryContext TeradataConnection.go:823
 at database/sql.ctxDriverQuery ctxutil.go:48
 at database/sql.(*DB).queryDC.func1 sql.go:1786
 at database/sql.withLock sql.go:3574
 at database/sql.(*DB).queryDC sql.go:1781
 at database/sql.(*Conn).QueryContext sql.go:2037
 at main.createRows goside.go:1080
 at main.goCreateRows goside.go:959
 at _cgoexp_ff5e33a08e40_goCreateRows _cgo_gotypes.go:417
 at runtime.cgocallbackg1 cgocall.go:446
 at runtime.cgocallbackg cgocall.go:350
 at runtime.cgocallback asm_amd64.s:1084
 at runtime.goexit asm_amd64.s:1700
[2025-08-12 15:32:53] - logger:_log - INFO - Operation 'Query execution' started - Details: {'query': 'SELECT * FROM amurd.products'}
[2025-08-12 15:32:54] - logger:_log - INFO - Operation 'Query execution' completed - Details: {'rows_returned': 4573}
[2025-08-12 15:33:57] - logger:_log - INFO - Operation 'Query execution' started - Details: {'query': 'SELECT * FROM amurd.product_embeddings'}
[2025-08-12 15:33:57] - logger:_log - ERROR - query execution : Exception: [Version 20.0.0.34] [Session 1398] [Teradata Database] [Error 3807] Object 'amurd.product_embeddings' does not exist.
 at gosqldriver/teradatasql.formatError ErrorUtil.go:83
 at gosqldriver/teradatasql.(*teradataConnection).formatDatabaseError ErrorUtil.go:190
 at gosqldriver/teradatasql.(*teradataConnection).makeChainedDatabaseError ErrorUtil.go:206
 at gosqldriver/teradatasql.(*teradataConnection).processErrorParcel TeradataConnection.go:340
 at gosqldriver/teradatasql.(*TeradataRows).processResponseBundle TeradataRows.go:2597
 at gosqldriver/teradatasql.(*TeradataRows).executeSQLRequest TeradataRows.go:1073
 at gosqldriver/teradatasql.newTeradataRows TeradataRows.go:792
 at gosqldriver/teradatasql.(*teradataStatement).QueryContext TeradataStatement.go:122
 at gosqldriver/teradatasql.(*teradataConnection).QueryContext TeradataConnection.go:823
 at database/sql.ctxDriverQuery ctxutil.go:48
 at database/sql.(*DB).queryDC.func1 sql.go:1786
 at database/sql.withLock sql.go:3574
 at database/sql.(*DB).queryDC sql.go:1781
 at database/sql.(*Conn).QueryContext sql.go:2037
 at main.createRows goside.go:1080
 at main.goCreateRows goside.go:959
 at _cgoexp_ff5e33a08e40_goCreateRows _cgo_gotypes.go:417
 at runtime.cgocallbackg1 cgocall.go:446
 at runtime.cgocallbackg cgocall.go:350
 at runtime.cgocallback asm_amd64.s:1084
 at runtime.goexit asm_amd64.s:1700
